WARNING: A restricted method in java.lang.System has been called
WARNING: java.lang.System::load has been called by org.fusesource.jansi.internal.JansiLoader in an unnamed module (file:/Users/mac/.m2/wrapper/dists/apache-maven-3.9.9/3477a4f1/lib/jansi-2.4.1.jar)
WARNING: Use --enable-native-access=ALL-UNNAMED to avoid a warning for callers in this module
WARNING: Restricted methods will be blocked in a future release unless native access is enabled

WARNING: A terminally deprecated method in sun.misc.Unsafe has been called
WARNING: sun.misc.Unsafe::objectFieldOffset has been called by com.google.common.util.concurrent.AbstractFuture$UnsafeAtomicHelper (file:/Users/mac/.m2/wrapper/dists/apache-maven-3.9.9/3477a4f1/lib/guava-33.2.1-jre.jar)
WARNING: Please consider reporting this to the maintainers of class com.google.common.util.concurrent.AbstractFuture$UnsafeAtomicHelper
WARNING: sun.misc.Unsafe::objectFieldOffset will be removed in a future release
[INFO] Scanning for projects...
[INFO] 
[INFO] ---------------------< net.reda:inventory-service >---------------------
[INFO] Building inventory-service 0.0.1-SNAPSHOT
[INFO]   from pom.xml
[INFO] --------------------------------[ jar ]---------------------------------
[INFO] 
[INFO] >>> spring-boot:3.3.5:run (default-cli) > test-compile @ inventory-service >>>
[INFO] 
[INFO] --- resources:3.3.1:resources (default-resources) @ inventory-service ---
[INFO] Copying 1 resource from src/main/resources to target/classes
[INFO] Copying 0 resource from src/main/resources to target/classes
[INFO] 
[INFO] --- compiler:3.13.0:compile (default-compile) @ inventory-service ---
[INFO] Nothing to compile - all classes are up to date.
[INFO] 
[INFO] --- resources:3.3.1:testResources (default-testResources) @ inventory-service ---
[INFO] skip non existing resourceDirectory /Users/mac/Desktop/micro-services-app-main/inventory-service/src/test/resources
[INFO] 
[INFO] --- compiler:3.13.0:testCompile (default-testCompile) @ inventory-service ---
[INFO] Nothing to compile - all classes are up to date.
[INFO] 
[INFO] <<< spring-boot:3.3.5:run (default-cli) < test-compile @ inventory-service <<<
[INFO] 
[INFO] 
[INFO] --- spring-boot:3.3.5:run (default-cli) @ inventory-service ---
[INFO] Attaching agents: []

  .   ____          _            __ _ _
 /\\ / ___'_ __ _ _(_)_ __  __ _ \ \ \ \
( ( )\___ | '_ | '_| | '_ \/ _` | \ \ \ \
 \\/  ___)| |_)| | | | | || (_| |  ) ) ) )
  '  |____| .__|_| |_|_| |_\__, | / / / /
 =========|_|==============|___/=/_/_/_/

 :: Spring Boot ::                (v3.3.5)

2025-12-11T12:06:19.860+01:00  INFO 99144 --- [inventory-service] [           main] n.r.i.InventoryServiceApplication        : Starting InventoryServiceApplication using Java 24 with PID 99144 (/Users/mac/Desktop/micro-services-app-main/inventory-service/target/classes started by mac in /Users/mac/Desktop/micro-services-app-main/inventory-service)
2025-12-11T12:06:19.861+01:00  INFO 99144 --- [inventory-service] [           main] n.r.i.InventoryServiceApplication        : No active profile set, falling back to 1 default profile: "default"
2025-12-11T12:06:19.878+01:00  INFO 99144 --- [inventory-service] [           main] o.s.c.c.c.ConfigServerConfigDataLoader   : Fetching config from server at : http://localhost:9999
2025-12-11T12:06:19.878+01:00  INFO 99144 --- [inventory-service] [           main] o.s.c.c.c.ConfigServerConfigDataLoader   : Located environment: name=inventory-service, profiles=[default], label=null, version=null, state=null
2025-12-11T12:06:20.266+01:00  INFO 99144 --- [inventory-service] [           main] .s.d.r.c.RepositoryConfigurationDelegate : Bootstrapping Spring Data JPA repositories in DEFAULT mode.
2025-12-11T12:06:20.341+01:00  INFO 99144 --- [inventory-service] [           main] .s.d.r.c.RepositoryConfigurationDelegate : Finished Spring Data repository scanning in 71 ms. Found 1 JPA repository interface.
2025-12-11T12:06:20.458+01:00  INFO 99144 --- [inventory-service] [           main] o.s.cloud.context.scope.GenericScope     : BeanFactory id=3924cfe3-c948-3b10-97cf-e3ce8214c23e
2025-12-11T12:06:20.604+01:00  WARN 99144 --- [inventory-service] [           main] trationDelegate$BeanPostProcessorChecker : Bean 'org.springframework.cloud.client.loadbalancer.LoadBalancerAutoConfiguration$DeferringLoadBalancerInterceptorConfig' of type [org.springframework.cloud.client.loadbalancer.LoadBalancerAutoConfiguration$DeferringLoadBalancerInterceptorConfig] is not eligible for getting processed by all BeanPostProcessors (for example: not eligible for auto-proxying). The currently created BeanPostProcessor [lbRestClientPostProcessor] is declared through a non-static factory method on that class; consider declaring it as static instead.
2025-12-11T12:06:20.606+01:00  WARN 99144 --- [inventory-service] [           main] trationDelegate$BeanPostProcessorChecker : Bean 'deferringLoadBalancerInterceptor' of type [org.springframework.cloud.client.loadbalancer.DeferringLoadBalancerInterceptor] is not eligible for getting processed by all BeanPostProcessors (for example: not eligible for auto-proxying). Is this bean getting eagerly injected/applied to a currently created BeanPostProcessor [lbRestClientPostProcessor]? Check the corresponding BeanPostProcessor declaration and its dependencies/advisors. If this bean does not have to be post-processed, declare it with ROLE_INFRASTRUCTURE.
WARNING: A restricted method in java.lang.System has been called
WARNING: java.lang.System::load has been called by org.apache.tomcat.jni.Library in an unnamed module (file:/Users/mac/.m2/repository/org/apache/tomcat/embed/tomcat-embed-core/10.1.31/tomcat-embed-core-10.1.31.jar)
WARNING: Use --enable-native-access=ALL-UNNAMED to avoid a warning for callers in this module
WARNING: Restricted methods will be blocked in a future release unless native access is enabled

2025-12-11T12:06:20.730+01:00  INFO 99144 --- [inventory-service] [           main] o.s.b.w.embedded.tomcat.TomcatWebServer  : Tomcat initialized with port 8082 (http)
2025-12-11T12:06:20.737+01:00  INFO 99144 --- [inventory-service] [           main] o.apache.catalina.core.StandardService   : Starting service [Tomcat]
2025-12-11T12:06:20.737+01:00  INFO 99144 --- [inventory-service] [           main] o.apache.catalina.core.StandardEngine    : Starting Servlet engine: [Apache Tomcat/10.1.31]
2025-12-11T12:06:20.765+01:00  INFO 99144 --- [inventory-service] [           main] o.a.c.c.C.[Tomcat].[localhost].[/]       : Initializing Spring embedded WebApplicationContext
2025-12-11T12:06:20.765+01:00  INFO 99144 --- [inventory-service] [           main] w.s.c.ServletWebServerApplicationContext : Root WebApplicationContext: initialization completed in 886 ms
2025-12-11T12:06:20.824+01:00  INFO 99144 --- [inventory-service] [           main] com.zaxxer.hikari.HikariDataSource       : HikariPool-1 - Starting...
2025-12-11T12:06:20.915+01:00  INFO 99144 --- [inventory-service] [           main] com.zaxxer.hikari.pool.HikariPool        : HikariPool-1 - Added connection conn0: url=jdbc:h2:mem:inventory-db user=SA
2025-12-11T12:06:20.916+01:00  INFO 99144 --- [inventory-service] [           main] com.zaxxer.hikari.HikariDataSource       : HikariPool-1 - Start completed.
2025-12-11T12:06:20.922+01:00  INFO 99144 --- [inventory-service] [           main] o.s.b.a.h2.H2ConsoleAutoConfiguration    : H2 console available at '/h2-console'. Database available at 'jdbc:h2:mem:inventory-db'
2025-12-11T12:06:21.034+01:00  INFO 99144 --- [inventory-service] [           main] o.hibernate.jpa.internal.util.LogHelper  : HHH000204: Processing PersistenceUnitInfo [name: default]
2025-12-11T12:06:21.059+01:00  INFO 99144 --- [inventory-service] [           main] org.hibernate.Version                    : HHH000412: Hibernate ORM core version 6.5.3.Final
2025-12-11T12:06:21.073+01:00  INFO 99144 --- [inventory-service] [           main] o.h.c.internal.RegionFactoryInitiator    : HHH000026: Second-level cache disabled
2025-12-11T12:06:21.201+01:00  INFO 99144 --- [inventory-service] [           main] o.s.o.j.p.SpringPersistenceUnitInfo      : No LoadTimeWeaver setup: ignoring JPA class transformer
2025-12-11T12:06:21.580+01:00  INFO 99144 --- [inventory-service] [           main] o.h.e.t.j.p.i.JtaPlatformInitiator       : HHH000489: No JTA platform available (set 'hibernate.transaction.jta.platform' to enable JTA platform integration)
Hibernate: create table product (id varchar(255) not null, name varchar(255), price float(53) not null, quantity integer not null, primary key (id))
2025-12-11T12:06:21.606+01:00  INFO 99144 --- [inventory-service] [           main] j.LocalContainerEntityManagerFactoryBean : Initialized JPA EntityManagerFactory for persistence unit 'default'
2025-12-11T12:06:21.755+01:00  WARN 99144 --- [inventory-service] [           main] JpaBaseConfiguration$JpaWebConfiguration : spring.jpa.open-in-view is enabled by default. Therefore, database queries may be performed during view rendering. Explicitly configure spring.jpa.open-in-view to disable this warning
2025-12-11T12:06:22.338+01:00  INFO 99144 --- [inventory-service] [           main] DiscoveryClientOptionalArgsConfiguration : Eureka HTTP Client uses RestTemplate.
2025-12-11T12:06:22.363+01:00  WARN 99144 --- [inventory-service] [           main] iguration$LoadBalancerCaffeineWarnLogger : Spring Cloud LoadBalancer is currently working with the default cache. While this cache implementation is useful for development and tests, it's recommended to use Caffeine cache in production.You can switch to using Caffeine cache, by adding it and org.springframework.cache.caffeine.CaffeineCacheManager to the classpath.
2025-12-11T12:06:22.367+01:00  INFO 99144 --- [inventory-service] [           main] o.s.b.a.e.web.EndpointLinksResolver      : Exposing 17 endpoints beneath base path '/actuator'
2025-12-11T12:06:22.412+01:00  INFO 99144 --- [inventory-service] [           main] o.s.c.n.eureka.InstanceInfoFactory       : Setting initial instance status as: STARTING
2025-12-11T12:06:22.424+01:00  INFO 99144 --- [inventory-service] [           main] com.netflix.discovery.DiscoveryClient    : Initializing Eureka in region us-east-1
2025-12-11T12:06:22.425+01:00  INFO 99144 --- [inventory-service] [           main] c.n.d.s.r.aws.ConfigClusterResolver      : Resolving eureka endpoints via configuration
2025-12-11T12:06:22.429+01:00  INFO 99144 --- [inventory-service] [           main] com.netflix.discovery.DiscoveryClient    : Disable delta property : false
2025-12-11T12:06:22.429+01:00  INFO 99144 --- [inventory-service] [           main] com.netflix.discovery.DiscoveryClient    : Single vip registry refresh property : null
2025-12-11T12:06:22.429+01:00  INFO 99144 --- [inventory-service] [           main] com.netflix.discovery.DiscoveryClient    : Force full registry fetch : false
2025-12-11T12:06:22.429+01:00  INFO 99144 --- [inventory-service] [           main] com.netflix.discovery.DiscoveryClient    : Application is null : false
2025-12-11T12:06:22.429+01:00  INFO 99144 --- [inventory-service] [           main] com.netflix.discovery.DiscoveryClient    : Registered Applications size is zero : true
2025-12-11T12:06:22.429+01:00  INFO 99144 --- [inventory-service] [           main] com.netflix.discovery.DiscoveryClient    : Application version is -1: true
2025-12-11T12:06:22.429+01:00  INFO 99144 --- [inventory-service] [           main] com.netflix.discovery.DiscoveryClient    : Getting all instance registry info from the eureka server
2025-12-11T12:06:22.582+01:00  INFO 99144 --- [inventory-service] [           main] com.netflix.discovery.DiscoveryClient    : The response status is 200
2025-12-11T12:06:22.582+01:00  INFO 99144 --- [inventory-service] [           main] com.netflix.discovery.DiscoveryClient    : Starting heartbeat executor: renew interval is: 30
2025-12-11T12:06:22.583+01:00  INFO 99144 --- [inventory-service] [           main] c.n.discovery.InstanceInfoReplicator     : InstanceInfoReplicator onDemand update allowed rate per min is 4
2025-12-11T12:06:22.584+01:00  INFO 99144 --- [inventory-service] [           main] com.netflix.discovery.DiscoveryClient    : Discovery Client initialized at timestamp 1765451182583 with initial instances count: 1
2025-12-11T12:06:22.588+01:00  INFO 99144 --- [inventory-service] [           main] o.s.c.n.e.s.EurekaServiceRegistry        : Registering application INVENTORY-SERVICE with eureka with status UP
2025-12-11T12:06:22.588+01:00  INFO 99144 --- [inventory-service] [           main] com.netflix.discovery.DiscoveryClient    : Saw local status change event StatusChangeEvent [timestamp=1765451182588, current=UP, previous=STARTING]
2025-12-11T12:06:22.589+01:00  INFO 99144 --- [inventory-service] [foReplicator-%d] com.netflix.discovery.DiscoveryClient    : DiscoveryClient_INVENTORY-SERVICE/10.40.37.210:inventory-service:8082: registering service...
2025-12-11T12:06:22.596+01:00  INFO 99144 --- [inventory-service] [           main] o.s.b.w.embedded.tomcat.TomcatWebServer  : Tomcat started on port 8082 (http) with context path '/'
2025-12-11T12:06:22.596+01:00  INFO 99144 --- [inventory-service] [           main] .s.c.n.e.s.EurekaAutoServiceRegistration : Updating port to 8082
2025-12-11T12:06:22.610+01:00  INFO 99144 --- [inventory-service] [foReplicator-%d] com.netflix.discovery.DiscoveryClient    : DiscoveryClient_INVENTORY-SERVICE/10.40.37.210:inventory-service:8082 - registration status: 204
2025-12-11T12:06:22.612+01:00  INFO 99144 --- [inventory-service] [           main] n.r.i.InventoryServiceApplication        : Started InventoryServiceApplication in 3.191 seconds (process running for 3.352)
Hibernate: select p1_0.id,p1_0.name,p1_0.price,p1_0.quantity from product p1_0 where p1_0.id=?
Hibernate: insert into product (name,price,quantity,id) values (?,?,?,?)
Hibernate: select p1_0.id,p1_0.name,p1_0.price,p1_0.quantity from product p1_0 where p1_0.id=?
Hibernate: insert into product (name,price,quantity,id) values (?,?,?,?)
Hibernate: select p1_0.id,p1_0.name,p1_0.price,p1_0.quantity from product p1_0 where p1_0.id=?
Hibernate: insert into product (name,price,quantity,id) values (?,?,?,?)
Hibernate: select p1_0.id,p1_0.name,p1_0.price,p1_0.quantity from product p1_0
Product{id='681ff91b-f9bb-4e45-8980-c73a21c95099', name='Computer', price=3200.0, quantity=11}
Product{id='156375ac-1c7c-4e74-983d-c824b1844dbb', name='Printer', price=1299.0, quantity=10}
Product{id='c0fd4f98-8fab-4aa9-8211-e767f6822bf9', name='Smart Phone', price=5400.0, quantity=8}
2025-12-11T12:06:47.986+01:00  INFO 99144 --- [inventory-service] [nio-8082-exec-1] o.a.c.c.C.[Tomcat].[localhost].[/]       : Initializing Spring DispatcherServlet 'dispatcherServlet'
2025-12-11T12:06:47.987+01:00  INFO 99144 --- [inventory-service] [nio-8082-exec-1] o.s.web.servlet.DispatcherServlet        : Initializing Servlet 'dispatcherServlet'
2025-12-11T12:06:47.989+01:00  INFO 99144 --- [inventory-service] [nio-8082-exec-1] o.s.web.servlet.DispatcherServlet        : Completed initialization in 2 ms
Hibernate: select p1_0.id,p1_0.name,p1_0.price,p1_0.quantity from product p1_0 offset ? rows fetch first ? rows only
Hibernate: select p1_0.id,p1_0.name,p1_0.price,p1_0.quantity from product p1_0 offset ? rows fetch first ? rows only
Hibernate: select p1_0.id,p1_0.name,p1_0.price,p1_0.quantity from product p1_0 offset ? rows fetch first ? rows only
Hibernate: select p1_0.id,p1_0.name,p1_0.price,p1_0.quantity from product p1_0 offset ? rows fetch first ? rows only
Hibernate: select p1_0.id,p1_0.name,p1_0.price,p1_0.quantity from product p1_0 offset ? rows fetch first ? rows only
2025-12-11T12:11:22.433+01:00  INFO 99144 --- [inventory-service] [rap-executor-%d] c.n.d.s.r.aws.ConfigClusterResolver      : Resolving eureka endpoints via configuration
Hibernate: select p1_0.id,p1_0.name,p1_0.price,p1_0.quantity from product p1_0 offset ? rows fetch first ? rows only
Hibernate: select p1_0.id,p1_0.name,p1_0.price,p1_0.quantity from product p1_0 offset ? rows fetch first ? rows only
Hibernate: select p1_0.id,p1_0.name,p1_0.price,p1_0.quantity from product p1_0 offset ? rows fetch first ? rows only
Hibernate: select p1_0.id,p1_0.name,p1_0.price,p1_0.quantity from product p1_0 offset ? rows fetch first ? rows only
2025-12-11T12:16:22.425+01:00  INFO 99144 --- [inventory-service] [rap-executor-%d] c.n.d.s.r.aws.ConfigClusterResolver      : Resolving eureka endpoints via configuration
2025-12-11T12:21:22.414+01:00  INFO 99144 --- [inventory-service] [rap-executor-%d] c.n.d.s.r.aws.ConfigClusterResolver      : Resolving eureka endpoints via configuration
2025-12-11T12:26:22.495+01:00  INFO 99144 --- [inventory-service] [rap-executor-%d] c.n.d.s.r.aws.ConfigClusterResolver      : Resolving eureka endpoints via configuration
2025-12-11T12:31:22.497+01:00  INFO 99144 --- [inventory-service] [rap-executor-%d] c.n.d.s.r.aws.ConfigClusterResolver      : Resolving eureka endpoints via configuration
2025-12-11T12:36:47.858+01:00  WARN 99144 --- [inventory-service] [l-1 housekeeper] com.zaxxer.hikari.pool.HikariPool        : HikariPool-1 - Thread starvation or clock leap detected (housekeeper delta=2m56s621ms).
2025-12-11T12:53:30.405+01:00  WARN 99144 --- [inventory-service] [l-1 housekeeper] com.zaxxer.hikari.pool.HikariPool        : HikariPool-1 - Thread starvation or clock leap detected (housekeeper delta=16m42s551ms).
2025-12-11T13:19:35.153+01:00  WARN 99144 --- [inventory-service] [l-1 housekeeper] com.zaxxer.hikari.pool.HikariPool        : HikariPool-1 - Thread starvation or clock leap detected (housekeeper delta=26m4s750ms).
2025-12-11T13:20:36.389+01:00  INFO 99144 --- [inventory-service] [rap-executor-%d] c.n.d.s.r.aws.ConfigClusterResolver      : Resolving eureka endpoints via configuration
2025-12-11T13:25:36.396+01:00  INFO 99144 --- [inventory-service] [rap-executor-%d] c.n.d.s.r.aws.ConfigClusterResolver      : Resolving eureka endpoints via configuration
2025-12-11T13:30:36.408+01:00  INFO 99144 --- [inventory-service] [rap-executor-%d] c.n.d.s.r.aws.ConfigClusterResolver      : Resolving eureka endpoints via configuration
2025-12-11T13:35:36.490+01:00  INFO 99144 --- [inventory-service] [rap-executor-%d] c.n.d.s.r.aws.ConfigClusterResolver      : Resolving eureka endpoints via configuration
2025-12-11T13:40:36.501+01:00  INFO 99144 --- [inventory-service] [rap-executor-%d] c.n.d.s.r.aws.ConfigClusterResolver      : Resolving eureka endpoints via configuration
2025-12-11T13:45:36.507+01:00  INFO 99144 --- [inventory-service] [rap-executor-%d] c.n.d.s.r.aws.ConfigClusterResolver      : Resolving eureka endpoints via configuration
2025-12-11T13:50:36.517+01:00  INFO 99144 --- [inventory-service] [rap-executor-%d] c.n.d.s.r.aws.ConfigClusterResolver      : Resolving eureka endpoints via configuration
